<?xml version="1.0" encoding="UTF-8"?>
<!-- Generated by org.testng.reporters.JUnitReportReporter -->
<testsuite hostname="DESKTOP-K6N0JTF" failures="0" tests="1" name="phptravelscases.testregesteration" time="0.624" errors="0" timestamp="2022-10-20T10:25:19 PDT" skipped="0">
  <testcase classname="phptravelscases.testregesteration" name="fill" time="0.624"/>
  <system-out/>
</testsuite> <!-- phptravelscases.testregesteration -->
